# JRE version: OpenJDK Runtime Environment (23.0.2+7) (build 23.0.2+7-58)
# Java VM: OpenJDK 64-Bit Server VM (23.0.2+7-58, mixed mode, sharing, tiered, compressed oops, compressed class ptrs, g1 gc, windows-amd64)
GC Precious Log:
 CardTable entry size: 512
 Card Set container configuration: InlinePtr #cards 5 size 8 Array Of Cards #cards 10 size 36 Howl #buckets 4 coarsen threshold 1843 Howl Bitmap #cards 512 size 80 coarsen threshold 460 Card regions per heap region 1 cards per card region 2048
 CPUs: 4 total, 4 available
 Memory: 12148M
 Large Page Support: Disabled
 NUMA Support: Disabled
 Compressed Oops: Enabled (32-bit)
 Heap Region Size: 1M
 Heap Min Capacity: 256M
 Heap Initial Capacity: 256M
 Heap Max Capacity: 512M
 Pre-touch: Disabled
 Parallel Workers: 4
 Concurrent Workers: 1
 Concurrent Refinement Workers: 4
 Periodic GC: Disabled
Heap:
 garbage-first heap   total reserved 524288K, committed 262144K, used 172992K [0x00000000e0000000, 0x0000000100000000)
  region size 1024K, 72 young (73728K), 9 survivors (9216K)
 Metaspace       used 75983K, committed 78336K, reserved 458752K
  class space    used 11064K, committed 12224K, reserved 327680K
GC Heap History (20 events):
Event: 9.789 GC heap before
{Heap before GC invocations=3 (full 0):
 garbage-first heap   total reserved 524288K, committed 262144K, used 49971K [0x00000000e0000000, 0x0000000100000000)
  region size 1024K, 40 young (40960K), 4 survivors (4096K)
 Metaspace       used 4745K, committed 4992K, reserved 393216K
  class space    used 604K, committed 704K, reserved 327680K
}
Event: 9.794 GC heap after
{Heap after GC invocations=4 (full 0):
 garbage-first heap   total reserved 524288K, committed 262144K, used 15998K [0x00000000e0000000, 0x0000000100000000)
  region size 1024K, 5 young (5120K), 5 survivors (5120K)
 Metaspace       used 4745K, committed 4992K, reserved 393216K
  class space    used 604K, committed 704K, reserved 327680K
}
Event: 16.140 GC heap before
{Heap before GC invocations=4 (full 0):
 garbage-first heap   total reserved 524288K, committed 262144K, used 65150K [0x00000000e0000000, 0x0000000100000000)
  region size 1024K, 54 young (55296K), 5 survivors (5120K)
 Metaspace       used 13703K, committed 14144K, reserved 393216K
  class space    used 1871K, committed 2048K, reserved 327680K
}
Event: 16.152 GC heap after
{Heap after GC invocations=5 (full 0):
 garbage-first heap   total reserved 524288K, committed 262144K, used 20267K [0x00000000e0000000, 0x0000000100000000)
  region size 1024K, 7 young (7168K), 7 survivors (7168K)
 Metaspace       used 13703K, committed 14144K, reserved 393216K
  class space    used 1871K, committed 2048K, reserved 327680K
}
Event: 21.120 GC heap before
{Heap before GC invocations=5 (full 0):
 garbage-first heap   total reserved 524288K, committed 262144K, used 73515K [0x00000000e0000000, 0x0000000100000000)
  region size 1024K, 60 young (61440K), 7 survivors (7168K)
 Metaspace       used 20800K, committed 21504K, reserved 393216K
  class space    used 3102K, committed 3456K, reserved 327680K
}
Event: 21.132 GC heap after
{Heap after GC invocations=6 (full 0):
 garbage-first heap   total reserved 524288K, committed 262144K, used 24250K [0x00000000e0000000, 0x0000000100000000)
  region size 1024K, 8 young (8192K), 8 survivors (8192K)
 Metaspace       used 20800K, committed 21504K, reserved 393216K
  class space    used 3102K, committed 3456K, reserved 327680K
}
Event: 28.293 GC heap before
{Heap before GC invocations=7 (full 0):
 garbage-first heap   total reserved 524288K, committed 262144K, used 112314K [0x00000000e0000000, 0x0000000100000000)
  region size 1024K, 84 young (86016K), 8 survivors (8192K)
 Metaspace       used 30579K, committed 31616K, reserved 393216K
  class space    used 4658K, committed 5120K, reserved 327680K
}
Event: 28.308 GC heap after
{Heap after GC invocations=8 (full 0):
 garbage-first heap   total reserved 524288K, committed 262144K, used 42189K [0x00000000e0000000, 0x0000000100000000)
  region size 1024K, 10 young (10240K), 10 survivors (10240K)
 Metaspace       used 30579K, committed 31616K, reserved 393216K
  class space    used 4658K, committed 5120K, reserved 327680K
}
Event: 30.380 GC heap before
{Heap before GC invocations=8 (full 0):
 garbage-first heap   total reserved 524288K, committed 262144K, used 82125K [0x00000000e0000000, 0x0000000100000000)
  region size 1024K, 51 young (52224K), 10 survivors (10240K)
 Metaspace       used 35036K, committed 36096K, reserved 393216K
  class space    used 5123K, committed 5632K, reserved 327680K
}
Event: 30.398 GC heap after
{Heap after GC invocations=9 (full 0):
 garbage-first heap   total reserved 524288K, committed 262144K, used 47168K [0x00000000e0000000, 0x0000000100000000)
  region size 1024K, 12 young (12288K), 12 survivors (12288K)
 Metaspace       used 35036K, committed 36096K, reserved 393216K
  class space    used 5123K, committed 5632K, reserved 327680K
}
Event: 39.335 GC heap before
{Heap before GC invocations=10 (full 0):
 garbage-first heap   total reserved 524288K, committed 262144K, used 199744K [0x00000000e0000000, 0x0000000100000000)
  region size 1024K, 141 young (144384K), 12 survivors (12288K)
 Metaspace       used 47700K, committed 49472K, reserved 393216K
  class space    used 6955K, committed 7808K, reserved 327680K
}
Event: 39.358 GC heap after
{Heap after GC invocations=11 (full 0):
 garbage-first heap   total reserved 524288K, committed 262144K, used 70900K [0x00000000e0000000, 0x0000000100000000)
  region size 1024K, 14 young (14336K), 14 survivors (14336K)
 Metaspace       used 47700K, committed 49472K, reserved 393216K
  class space    used 6955K, committed 7808K, reserved 327680K
}
Event: 51.086 GC heap before
{Heap before GC invocations=11 (full 0):
 garbage-first heap   total reserved 524288K, committed 262144K, used 184564K [0x00000000e0000000, 0x0000000100000000)
  region size 1024K, 125 young (128000K), 14 survivors (14336K)
 Metaspace       used 58322K, committed 60288K, reserved 393216K
  class space    used 8612K, committed 9536K, reserved 327680K
}
Event: 51.120 GC heap after
{Heap after GC invocations=12 (full 0):
 garbage-first heap   total reserved 524288K, committed 262144K, used 76783K [0x00000000e0000000, 0x0000000100000000)
  region size 1024K, 6 young (6144K), 6 survivors (6144K)
 Metaspace       used 58322K, committed 60288K, reserved 393216K
  class space    used 8612K, committed 9536K, reserved 327680K
}
Event: 51.224 GC heap before
{Heap before GC invocations=12 (full 0):
 garbage-first heap   total reserved 524288K, committed 262144K, used 77807K [0x00000000e0000000, 0x0000000100000000)
  region size 1024K, 8 young (8192K), 6 survivors (6144K)
 Metaspace       used 58355K, committed 60288K, reserved 393216K
  class space    used 8614K, committed 9536K, reserved 327680K
}
Event: 51.235 GC heap after
{Heap after GC invocations=13 (full 0):
 garbage-first heap   total reserved 524288K, committed 262144K, used 76397K [0x00000000e0000000, 0x0000000100000000)
  region size 1024K, 6 young (6144K), 6 survivors (6144K)
 Metaspace       used 58355K, committed 60288K, reserved 393216K
  class space    used 8614K, committed 9536K, reserved 327680K
}
Event: 68.985 GC heap before
{Heap before GC invocations=14 (full 0):
 garbage-first heap   total reserved 524288K, committed 262144K, used 214637K [0x00000000e0000000, 0x0000000100000000)
  region size 1024K, 127 young (130048K), 6 survivors (6144K)
 Metaspace       used 68930K, committed 71232K, reserved 393216K
  class space    used 10242K, committed 11328K, reserved 327680K
}
Event: 69.012 GC heap after
{Heap after GC invocations=15 (full 0):
 garbage-first heap   total reserved 524288K, committed 262144K, used 101888K [0x00000000e0000000, 0x0000000100000000)
  region size 1024K, 16 young (16384K), 16 survivors (16384K)
 Metaspace       used 68930K, committed 71232K, reserved 393216K
  class space    used 10242K, committed 11328K, reserved 327680K
}
Event: 87.843 GC heap before
{Heap before GC invocations=15 (full 0):
 garbage-first heap   total reserved 524288K, committed 262144K, used 214528K [0x00000000e0000000, 0x0000000100000000)
  region size 1024K, 127 young (130048K), 16 survivors (16384K)
 Metaspace       used 75234K, committed 77568K, reserved 458752K
  class space    used 11018K, committed 12160K, reserved 327680K
}
Event: 87.889 GC heap after
{Heap after GC invocations=16 (full 0):
 garbage-first heap   total reserved 524288K, committed 262144K, used 109504K [0x00000000e0000000, 0x0000000100000000)
  region size 1024K, 9 young (9216K), 9 survivors (9216K)
 Metaspace       used 75234K, committed 77568K, reserved 458752K
  class space    used 11018K, committed 12160K, reserved 327680K
}

